<?xml version="1.0" encoding="UTF-8"?>
<coverage generated="1784025495693" clover="3.2.0">
  <project timestamp="1784025495693" name="All files">
    <metrics statements="48" coveredstatements="48" conditionals="0" coveredconditionals="0" methods="14" coveredmethods="14" elements="62" coveredelements="62" complexity="0" loc="48" ncloc="48" packages="9" files="15" classes="15"/>
    <package name="src">
      <metrics statements="2" coveredstatements="2" conditionals="0" coveredconditionals="0" methods="0" coveredmethods="0"/>
      <file name="index.ts" path="/Users/deight/cantinc/rune-hub-react/src/index.ts">
        <metrics statements="2" coveredstatements="2" conditionals="0" coveredconditionals="0" methods="0" coveredmethods="0"/>
        <line num="1" count="1" type="stmt"/>
        <line num="2" count="1" type="stmt"/>
      </file>
    </package>
    <package name="src.context">
      <metrics statements="1" coveredstatements="1" conditionals="0" coveredconditionals="0" methods="0" coveredmethods="0"/>
      <file name="index.ts" path="/Users/deight/cantinc/rune-hub-react/src/context/index.ts">
        <metrics statements="1" coveredstatements="1" conditionals="0" coveredconditionals="0" methods="0" coveredmethods="0"/>
        <line num="1" count="4" type="stmt"/>
      </file>
    </package>
    <package name="src.context.HubContext">
      <metrics statements="5" coveredstatements="5" conditionals="0" coveredconditionals="0" methods="0" coveredmethods="0"/>
      <file name="HubContext.ts" path="/Users/deight/cantinc/rune-hub-react/src/context/HubContext/HubContext.ts">
        <metrics statements="4" coveredstatements="4" conditionals="0" coveredconditionals="0" methods="0" coveredmethods="0"/>
        <line num="1" count="4" type="stmt"/>
        <line num="2" count="4" type="stmt"/>
        <line num="4" count="4" type="stmt"/>
        <line num="30" count="4" type="stmt"/>
      </file>
      <file name="index.ts" path="/Users/deight/cantinc/rune-hub-react/src/context/HubContext/index.ts">
        <metrics statements="1" coveredstatements="1" conditionals="0" coveredconditionals="0" methods="0" coveredmethods="0"/>
        <line num="1" count="4" type="stmt"/>
      </file>
    </package>
    <package name="src.hooks">
      <metrics statements="5" coveredstatements="5" conditionals="0" coveredconditionals="0" methods="0" coveredmethods="0"/>
      <file name="index.ts" path="/Users/deight/cantinc/rune-hub-react/src/hooks/index.ts">
        <metrics statements="5" coveredstatements="5" conditionals="0" coveredconditionals="0" methods="0" coveredmethods="0"/>
        <line num="1" count="1" type="stmt"/>
        <line num="2" count="1" type="stmt"/>
        <line num="3" count="1" type="stmt"/>
        <line num="4" count="1" type="stmt"/>
        <line num="5" count="1" type="stmt"/>
      </file>
    </package>
    <package name="src.hooks.useAction">
      <metrics statements="6" coveredstatements="6" conditionals="0" coveredconditionals="0" methods="3" coveredmethods="3"/>
      <file name="index.ts" path="/Users/deight/cantinc/rune-hub-react/src/hooks/useAction/index.ts">
        <metrics statements="1" coveredstatements="1" conditionals="0" coveredconditionals="0" methods="0" coveredmethods="0"/>
        <line num="1" count="1" type="stmt"/>
      </file>
      <file name="useAction.ts" path="/Users/deight/cantinc/rune-hub-react/src/hooks/useAction/useAction.ts">
        <metrics statements="5" coveredstatements="5" conditionals="0" coveredconditionals="0" methods="3" coveredmethods="3"/>
        <line num="1" count="2" type="stmt"/>
        <line num="4" count="2" type="stmt"/>
        <line num="28" count="2" type="stmt"/>
        <line num="29" count="2" type="stmt"/>
        <line num="31" count="3" type="stmt"/>
      </file>
    </package>
    <package name="src.hooks.useHub">
      <metrics statements="5" coveredstatements="5" conditionals="0" coveredconditionals="0" methods="1" coveredmethods="1"/>
      <file name="index.ts" path="/Users/deight/cantinc/rune-hub-react/src/hooks/useHub/index.ts">
        <metrics statements="1" coveredstatements="1" conditionals="0" coveredconditionals="0" methods="0" coveredmethods="0"/>
        <line num="1" count="4" type="stmt"/>
      </file>
      <file name="useHub.ts" path="/Users/deight/cantinc/rune-hub-react/src/hooks/useHub/useHub.ts">
        <metrics statements="4" coveredstatements="4" conditionals="0" coveredconditionals="0" methods="1" coveredmethods="1"/>
        <line num="1" count="4" type="stmt"/>
        <line num="3" count="4" type="stmt"/>
        <line num="24" count="4" type="stmt"/>
        <line num="25" count="29" type="stmt"/>
      </file>
    </package>
    <package name="src.hooks.useOn">
      <metrics statements="6" coveredstatements="6" conditionals="0" coveredconditionals="0" methods="2" coveredmethods="2"/>
      <file name="index.ts" path="/Users/deight/cantinc/rune-hub-react/src/hooks/useOn/index.ts">
        <metrics statements="1" coveredstatements="1" conditionals="0" coveredconditionals="0" methods="0" coveredmethods="0"/>
        <line num="1" count="1" type="stmt"/>
      </file>
      <file name="useOn.ts" path="/Users/deight/cantinc/rune-hub-react/src/hooks/useOn/useOn.ts">
        <metrics statements="5" coveredstatements="5" conditionals="0" coveredconditionals="0" methods="2" coveredmethods="2"/>
        <line num="1" count="2" type="stmt"/>
        <line num="4" count="2" type="stmt"/>
        <line num="27" count="2" type="stmt"/>
        <line num="28" count="3" type="stmt"/>
        <line num="30" count="3" type="stmt"/>
      </file>
    </package>
    <package name="src.hooks.useRune">
      <metrics statements="11" coveredstatements="11" conditionals="0" coveredconditionals="0" methods="5" coveredmethods="5"/>
      <file name="index.ts" path="/Users/deight/cantinc/rune-hub-react/src/hooks/useRune/index.ts">
        <metrics statements="1" coveredstatements="1" conditionals="0" coveredconditionals="0" methods="0" coveredmethods="0"/>
        <line num="1" count="4" type="stmt"/>
      </file>
      <file name="useRune.ts" path="/Users/deight/cantinc/rune-hub-react/src/hooks/useRune/useRune.ts">
        <metrics statements="10" coveredstatements="10" conditionals="0" coveredconditionals="0" methods="5" coveredmethods="5"/>
        <line num="1" count="4" type="stmt"/>
        <line num="4" count="4" type="stmt"/>
        <line num="28" count="4" type="stmt"/>
        <line num="29" count="24" type="stmt"/>
        <line num="30" count="24" type="stmt"/>
        <line num="32" count="24" type="stmt"/>
        <line num="34" count="24" type="stmt"/>
        <line num="35" count="9" type="stmt"/>
        <line num="38" count="24" type="stmt"/>
        <line num="40" count="84" type="stmt"/>
      </file>
    </package>
    <package name="src.hooks.useSlot">
      <metrics statements="7" coveredstatements="7" conditionals="0" coveredconditionals="0" methods="3" coveredmethods="3"/>
      <file name="index.ts" path="/Users/deight/cantinc/rune-hub-react/src/hooks/useSlot/index.ts">
        <metrics statements="1" coveredstatements="1" conditionals="0" coveredconditionals="0" methods="0" coveredmethods="0"/>
        <line num="1" count="4" type="stmt"/>
      </file>
      <file name="useSlot.ts" path="/Users/deight/cantinc/rune-hub-react/src/hooks/useSlot/useSlot.ts">
        <metrics statements="6" coveredstatements="6" conditionals="0" coveredconditionals="0" methods="3" coveredmethods="3"/>
        <line num="1" count="4" type="stmt"/>
        <line num="3" count="4" type="stmt"/>
        <line num="5" count="4" type="stmt"/>
        <line num="39" count="4" type="stmt"/>
        <line num="40" count="27" type="stmt"/>
        <line num="42" count="27" type="stmt"/>
      </file>
    </package>
  </project>
</coverage>
