{"/Users/deight/cantinc/rune-hub-react/src/index.ts": {"path":"/Users/deight/cantinc/rune-hub-react/src/index.ts","statementMap":{"0":{"start":{"line":1,"column":0},"end":{"line":1,"column":25}},"1":{"start":{"line":2,"column":0},"end":{"line":2,"column":23}}},"fnMap":{},"branchMap":{},"s":{"0":1,"1":1},"f":{},"b":{}}
,"/Users/deight/cantinc/rune-hub-react/src/context/index.ts": {"path":"/Users/deight/cantinc/rune-hub-react/src/context/index.ts","statementMap":{"0":{"start":{"line":1,"column":0},"end":{"line":1,"column":28}}},"fnMap":{},"branchMap":{},"s":{"0":4},"f":{},"b":{}}
,"/Users/deight/cantinc/rune-hub-react/src/context/HubContext/HubContext.ts": {"path":"/Users/deight/cantinc/rune-hub-react/src/context/HubContext/HubContext.ts","statementMap":{"0":{"start":{"line":1,"column":0},"end":{"line":1,"column":37}},"1":{"start":{"line":2,"column":0},"end":{"line":2,"column":30}},"2":{"start":{"line":4,"column":13},"end":{"line":4,"column":null}},"3":{"start":{"line":6,"column":13},"end":{"line":6,"column":null}}},"fnMap":{},"branchMap":{},"s":{"0":4,"1":4,"2":4,"3":4},"f":{},"b":{}}
,"/Users/deight/cantinc/rune-hub-react/src/context/HubContext/index.ts": {"path":"/Users/deight/cantinc/rune-hub-react/src/context/HubContext/index.ts","statementMap":{"0":{"start":{"line":1,"column":0},"end":{"line":1,"column":28}}},"fnMap":{},"branchMap":{},"s":{"0":4},"f":{},"b":{}}
,"/Users/deight/cantinc/rune-hub-react/src/hooks/index.ts": {"path":"/Users/deight/cantinc/rune-hub-react/src/hooks/index.ts","statementMap":{"0":{"start":{"line":1,"column":0},"end":{"line":1,"column":27}},"1":{"start":{"line":2,"column":0},"end":{"line":2,"column":24}},"2":{"start":{"line":3,"column":0},"end":{"line":3,"column":23}},"3":{"start":{"line":4,"column":0},"end":{"line":4,"column":25}},"4":{"start":{"line":5,"column":0},"end":{"line":5,"column":25}}},"fnMap":{},"branchMap":{},"s":{"0":1,"1":1,"2":1,"3":1,"4":1},"f":{},"b":{}}
,"/Users/deight/cantinc/rune-hub-react/src/hooks/useAction/index.ts": {"path":"/Users/deight/cantinc/rune-hub-react/src/hooks/useAction/index.ts","statementMap":{"0":{"start":{"line":1,"column":0},"end":{"line":1,"column":27}}},"fnMap":{},"branchMap":{},"s":{"0":1},"f":{},"b":{}}
,"/Users/deight/cantinc/rune-hub-react/src/hooks/useAction/useAction.ts": {"path":"/Users/deight/cantinc/rune-hub-react/src/hooks/useAction/useAction.ts","statementMap":{"0":{"start":{"line":6,"column":0},"end":{"line":6,"column":16}},"1":{"start":{"line":1,"column":0},"end":{"line":1,"column":35}},"2":{"start":{"line":4,"column":0},"end":{"line":4,"column":34}},"3":{"start":{"line":7,"column":14},"end":{"line":7,"column":22}},"4":{"start":{"line":9,"column":2},"end":{"line":9,"column":null}},"5":{"start":{"line":9,"column":23},"end":{"line":9,"column":30}},"6":{"start":{"line":9,"column":35},"end":{"line":9,"column":71}},"7":{"start":{"line":9,"column":49},"end":{"line":9,"column":64}}},"fnMap":{"0":{"name":"useAction","decl":{"start":{"line":6,"column":16},"end":{"line":6,"column":25}},"loc":{"start":{"line":6,"column":50},"end":{"line":10,"column":1}}},"1":{"name":"(anonymous_3)","decl":{"start":{"line":9,"column":22},"end":{"line":9,"column":23}},"loc":{"start":{"line":9,"column":22},"end":{"line":9,"column":38}}},"2":{"name":"(anonymous_4)","decl":{"start":{"line":9,"column":43},"end":{"line":9,"column":49}},"loc":{"start":{"line":9,"column":43},"end":{"line":9,"column":55}}}},"branchMap":{},"s":{"0":2,"1":2,"2":2,"3":2,"4":2,"5":3,"6":1,"7":1},"f":{"0":2,"1":1,"2":1},"b":{}}
,"/Users/deight/cantinc/rune-hub-react/src/hooks/useHub/index.ts": {"path":"/Users/deight/cantinc/rune-hub-react/src/hooks/useHub/index.ts","statementMap":{"0":{"start":{"line":1,"column":0},"end":{"line":1,"column":24}}},"fnMap":{},"branchMap":{},"s":{"0":4},"f":{},"b":{}}
,"/Users/deight/cantinc/rune-hub-react/src/hooks/useHub/useHub.ts": {"path":"/Users/deight/cantinc/rune-hub-react/src/hooks/useHub/useHub.ts","statementMap":{"0":{"start":{"line":5,"column":0},"end":{"line":5,"column":16}},"1":{"start":{"line":1,"column":0},"end":{"line":1,"column":34}},"2":{"start":{"line":3,"column":0},"end":{"line":3,"column":42}},"3":{"start":{"line":6,"column":2},"end":{"line":6,"column":null}}},"fnMap":{"0":{"name":"useHub","decl":{"start":{"line":5,"column":16},"end":{"line":5,"column":22}},"loc":{"start":{"line":5,"column":22},"end":{"line":7,"column":1}}}},"branchMap":{},"s":{"0":4,"1":4,"2":4,"3":29},"f":{"0":29},"b":{}}
,"/Users/deight/cantinc/rune-hub-react/src/hooks/useOn/index.ts": {"path":"/Users/deight/cantinc/rune-hub-react/src/hooks/useOn/index.ts","statementMap":{"0":{"start":{"line":1,"column":0},"end":{"line":1,"column":23}}},"fnMap":{},"branchMap":{},"s":{"0":1},"f":{},"b":{}}
,"/Users/deight/cantinc/rune-hub-react/src/hooks/useOn/useOn.ts": {"path":"/Users/deight/cantinc/rune-hub-react/src/hooks/useOn/useOn.ts","statementMap":{"0":{"start":{"line":6,"column":0},"end":{"line":6,"column":16}},"1":{"start":{"line":1,"column":0},"end":{"line":1,"column":33}},"2":{"start":{"line":4,"column":0},"end":{"line":4,"column":36}},"3":{"start":{"line":7,"column":15},"end":{"line":7,"column":28}},"4":{"start":{"line":9,"column":2},"end":{"line":9,"column":null}},"5":{"start":{"line":9,"column":18},"end":{"line":9,"column":29}}},"fnMap":{"0":{"name":"useOn","decl":{"start":{"line":6,"column":16},"end":{"line":6,"column":21}},"loc":{"start":{"line":6,"column":33},"end":{"line":10,"column":1}}},"1":{"name":"(anonymous_1)","decl":{"start":{"line":9,"column":12},"end":{"line":9,"column":18}},"loc":{"start":{"line":9,"column":12},"end":{"line":9,"column":22}}}},"branchMap":{},"s":{"0":2,"1":2,"2":2,"3":3,"4":3,"5":1},"f":{"0":3,"1":1},"b":{}}
,"/Users/deight/cantinc/rune-hub-react/src/hooks/useRune/index.ts": {"path":"/Users/deight/cantinc/rune-hub-react/src/hooks/useRune/index.ts","statementMap":{"0":{"start":{"line":1,"column":0},"end":{"line":1,"column":25}}},"fnMap":{},"branchMap":{},"s":{"0":4},"f":{},"b":{}}
,"/Users/deight/cantinc/rune-hub-react/src/hooks/useRune/useRune.ts": {"path":"/Users/deight/cantinc/rune-hub-react/src/hooks/useRune/useRune.ts","statementMap":{"0":{"start":{"line":6,"column":0},"end":{"line":6,"column":16}},"1":{"start":{"line":1,"column":0},"end":{"line":1,"column":77}},"2":{"start":{"line":4,"column":0},"end":{"line":4,"column":36}},"3":{"start":{"line":7,"column":15},"end":{"line":7,"column":43}},"4":{"start":{"line":8,"column":15},"end":{"line":8,"column":47}},"5":{"start":{"line":8,"column":29},"end":{"line":8,"column":40}},"6":{"start":{"line":10,"column":2},"end":{"line":10,"column":null}},"7":{"start":{"line":10,"column":18},"end":{"line":10,"column":24}},"8":{"start":{"line":12,"column":20},"end":{"line":14,"column":12}},"9":{"start":{"line":13,"column":4},"end":{"line":13,"column":null}},"10":{"start":{"line":16,"column":2},"end":{"line":19,"column":null}},"11":{"start":{"line":18,"column":10},"end":{"line":18,"column":null}}},"fnMap":{"0":{"name":"useRune","decl":{"start":{"line":6,"column":16},"end":{"line":6,"column":23}},"loc":{"start":{"line":6,"column":48},"end":{"line":20,"column":1}}},"1":{"name":"(anonymous_1)","decl":{"start":{"line":8,"column":23},"end":{"line":8,"column":29}},"loc":{"start":{"line":8,"column":23},"end":{"line":8,"column":33}}},"2":{"name":"(anonymous_2)","decl":{"start":{"line":10,"column":12},"end":{"line":10,"column":18}},"loc":{"start":{"line":10,"column":12},"end":{"line":10,"column":22}}},"3":{"name":"(anonymous_3)","decl":{"start":{"line":12,"column":32},"end":{"line":12,"column":33}},"loc":{"start":{"line":12,"column":53},"end":{"line":14,"column":3}}},"4":{"name":"(anonymous_4)","decl":{"start":{"line":18,"column":4},"end":{"line":18,"column":10}},"loc":{"start":{"line":18,"column":4},"end":{"line":18,"column":14}}}},"branchMap":{},"s":{"0":4,"1":4,"2":4,"3":24,"4":24,"5":9,"6":24,"7":9,"8":24,"9":9,"10":24,"11":84},"f":{"0":24,"1":9,"2":9,"3":9,"4":84},"b":{}}
,"/Users/deight/cantinc/rune-hub-react/src/hooks/useSlot/index.ts": {"path":"/Users/deight/cantinc/rune-hub-react/src/hooks/useSlot/index.ts","statementMap":{"0":{"start":{"line":1,"column":0},"end":{"line":1,"column":25}}},"fnMap":{},"branchMap":{},"s":{"0":4},"f":{},"b":{}}
,"/Users/deight/cantinc/rune-hub-react/src/hooks/useSlot/useSlot.ts": {"path":"/Users/deight/cantinc/rune-hub-react/src/hooks/useSlot/useSlot.ts","statementMap":{"0":{"start":{"line":7,"column":0},"end":{"line":7,"column":16}},"1":{"start":{"line":1,"column":0},"end":{"line":1,"column":31}},"2":{"start":{"line":3,"column":0},"end":{"line":3,"column":31}},"3":{"start":{"line":5,"column":0},"end":{"line":5,"column":34}},"4":{"start":{"line":8,"column":14},"end":{"line":8,"column":22}},"5":{"start":{"line":10,"column":2},"end":{"line":10,"column":null}},"6":{"start":{"line":10,"column":23},"end":{"line":10,"column":50}},"7":{"start":{"line":10,"column":37},"end":{"line":10,"column":48}}},"fnMap":{"0":{"name":"useSlot","decl":{"start":{"line":7,"column":16},"end":{"line":7,"column":23}},"loc":{"start":{"line":7,"column":41},"end":{"line":11,"column":1}}},"1":{"name":"(anonymous_1)","decl":{"start":{"line":10,"column":17},"end":{"line":10,"column":23}},"loc":{"start":{"line":10,"column":17},"end":{"line":10,"column":26}}},"2":{"name":"(anonymous_2)","decl":{"start":{"line":10,"column":31},"end":{"line":10,"column":37}},"loc":{"start":{"line":10,"column":31},"end":{"line":10,"column":41}}}},"branchMap":{},"s":{"0":4,"1":4,"2":4,"3":4,"4":27,"5":27,"6":10,"7":10},"f":{"0":27,"1":10,"2":10},"b":{}}
}
