TN:
SF:src/index.ts
FNF:0
FNH:0
DA:1,1
DA:2,1
LF:2
LH:2
BRF:0
BRH:0
end_of_record
TN:
SF:src/context/index.ts
FNF:0
FNH:0
DA:1,4
LF:1
LH:1
BRF:0
BRH:0
end_of_record
TN:
SF:src/context/HubContext/HubContext.ts
FNF:0
FNH:0
DA:1,4
DA:2,4
DA:4,4
DA:6,4
LF:4
LH:4
BRF:0
BRH:0
end_of_record
TN:
SF:src/context/HubContext/index.ts
FNF:0
FNH:0
DA:1,4
LF:1
LH:1
BRF:0
BRH:0
end_of_record
TN:
SF:src/hooks/index.ts
FNF:0
FNH:0
DA:1,1
DA:2,1
DA:3,1
DA:4,1
DA:5,1
LF:5
LH:5
BRF:0
BRH:0
end_of_record
TN:
SF:src/hooks/useAction/index.ts
FNF:0
FNH:0
DA:1,1
LF:1
LH:1
BRF:0
BRH:0
end_of_record
TN:
SF:src/hooks/useAction/useAction.ts
FN:6,useAction
FN:9,(anonymous_3)
FN:9,(anonymous_4)
FNF:3
FNH:3
FNDA:2,useAction
FNDA:1,(anonymous_3)
FNDA:1,(anonymous_4)
DA:1,2
DA:4,2
DA:6,2
DA:7,2
DA:9,3
LF:5
LH:5
BRF:0
BRH:0
end_of_record
TN:
SF:src/hooks/useHub/index.ts
FNF:0
FNH:0
DA:1,4
LF:1
LH:1
BRF:0
BRH:0
end_of_record
TN:
SF:src/hooks/useHub/useHub.ts
FN:5,useHub
FNF:1
FNH:1
FNDA:29,useHub
DA:1,4
DA:3,4
DA:5,4
DA:6,29
LF:4
LH:4
BRF:0
BRH:0
end_of_record
TN:
SF:src/hooks/useOn/index.ts
FNF:0
FNH:0
DA:1,1
LF:1
LH:1
BRF:0
BRH:0
end_of_record
TN:
SF:src/hooks/useOn/useOn.ts
FN:6,useOn
FN:9,(anonymous_1)
FNF:2
FNH:2
FNDA:3,useOn
FNDA:1,(anonymous_1)
DA:1,2
DA:4,2
DA:6,2
DA:7,3
DA:9,3
LF:5
LH:5
BRF:0
BRH:0
end_of_record
TN:
SF:src/hooks/useRune/index.ts
FNF:0
FNH:0
DA:1,4
LF:1
LH:1
BRF:0
BRH:0
end_of_record
TN:
SF:src/hooks/useRune/useRune.ts
FN:6,useRune
FN:8,(anonymous_1)
FN:10,(anonymous_2)
FN:12,(anonymous_3)
FN:18,(anonymous_4)
FNF:5
FNH:5
FNDA:24,useRune
FNDA:9,(anonymous_1)
FNDA:9,(anonymous_2)
FNDA:9,(anonymous_3)
FNDA:84,(anonymous_4)
DA:1,4
DA:4,4
DA:6,4
DA:7,24
DA:8,24
DA:10,24
DA:12,24
DA:13,9
DA:16,24
DA:18,84
LF:10
LH:10
BRF:0
BRH:0
end_of_record
TN:
SF:src/hooks/useSlot/index.ts
FNF:0
FNH:0
DA:1,4
LF:1
LH:1
BRF:0
BRH:0
end_of_record
TN:
SF:src/hooks/useSlot/useSlot.ts
FN:7,useSlot
FN:10,(anonymous_1)
FN:10,(anonymous_2)
FNF:3
FNH:3
FNDA:27,useSlot
FNDA:10,(anonymous_1)
FNDA:10,(anonymous_2)
DA:1,4
DA:3,4
DA:5,4
DA:7,4
DA:8,27
DA:10,27
LF:6
LH:6
BRF:0
BRH:0
end_of_record
